MPASM 5.87                          MAIN.ASM   8-30-2022  23:50:54         PAGE  1


LOC  OBJECT CODE     LINE SOURCE TEXT
  VALUE

                      00001 
                      00002 ; PIC16F57 Configuration Bit Settings
                      00003 
                      00004 ; Assembly source line config statements
                      00005 
                      00006 #include "p16f57.inc"
                      00001         LIST
                      00002 
                      00003 ;==========================================================================
                      00004 ; Build date : Jan 06 2020
                      00005 ;  MPASM PIC16F57 processor include
                      00006 ; 
                      00007 ;  (c) Copyright 1999-2020 Microchip Technology, All rights reserved
                      00008 ;==========================================================================
                      00009 
                      00187         LIST
                      00007 
                      00008 ; CONFIG
                      00009 ; __config 0xFFE
0FFF   0FFE           00010  __CONFIG _OSC_HS & _WDT_ON & _CP_OFF
                      00011 
  00000009            00012 TMP     EQU     0x09
  0000000A            00013 CNT     EQU     0x0A
                      00014         
                      00015 #DEFINE TX      PORTA,3 
                      00016 
                      00017     ;割り込みないので0番地から
                      00018     ORG 0X000
                      00019         
                      00020     ;初期設定
                      00021     ;バンク0
0000   04A3           00022     BCF     STATUS,PA0
0001   04C3           00023     BCF     STATUS,PA1
                      00024     
                      00025     ;タイマー設定
0002   0C01           00026     MOVLW   B'00000001'
0003   0002           00027     OPTION
                      00028     
                      00029     ;ピンの入出力
0004   0C08           00030     MOVLW   B'00001000'
0005   0005           00031     TRIS    PORTA
0006   0C00           00032     MOVLW   B'00000000'
0007   0006           00033     TRIS    PORTB
0008   0C00           00034     MOVLW   B'00000000'
0009   0007           00035     TRIS    PORTC
000A   0066           00036     CLRF    PORTB
000B   0067           00037     CLRF    PORTC
                      00038     
000C   0C80           00039     MOVLW   B'10000000'
000D   0026           00040     MOVWF   PORTB
                      00041     
000E                  00042 MAIN
                      00043     ;テスト用
MPASM 5.87                          MAIN.ASM   8-30-2022  23:50:54         PAGE  2


LOC  OBJECT CODE     LINE SOURCE TEXT
  VALUE

000E   0C01           00044     MOVLW   B'00000001'
000F   0026           00045     MOVWF   PORTB
0010                  00046 MAIN_LOOP
                      00047     ;スタートビット(0)が来たら、スキップ
0010   0665           00048     BTFSC   TX
0011   0A??           00049     GOTO    MAIN_LOOP
                      00050     ;7Dをセット（スタートビットから1ビット目までの時間
0012   0C7D           00051     MOVLW   0x7D
0013   0021           00052     MOVWF   TMR0
                      00053     ;8bit分
0014   0C08           00054     MOVLW   0x08
0015   002A           00055     MOVWF   CNT
                      00056     
0016   0C02           00057     MOVLW   B'00000010'
0017   0026           00058     MOVWF   PORTB
0018   0069           00059     CLRF    TMP
                      00060     
0019                  00061 S_WAIT_LOOP
                      00062     ;タイマーを監視
Message[305]: Using default destination of 1 (file).
0019   02A1           00063     INCF    TMR0
Message[305]: Using default destination of 1 (file).
001A   02E1           00064     DECFSZ  TMR0
001B   0A??           00065     GOTO    S_WAIT_LOOP
                      00066     ;タイマー0が0になったら
                      00067 
001C                  00068 M_WAIT_LOOP
                      00069     
001C   0C04           00070     MOVLW   B'00000100'
001D   0026           00071     MOVWF   PORTB
                      00072     
                      00073     ;キャリーを0の状態で
001E   0403           00074     BCF     STATUS,0
                      00075     ;1だったらキャリーを立てる
001F   0665           00076     BTFSC   TX
0020   0503           00077     BSF     STATUS,0
Message[305]: Using default destination of 1 (file).
0021   0369           00078     RLF     TMP
                      00079     
0022   0C3C           00080     MOVLW   0x3C
0023   0021           00081     MOVWF   TMR0
                      00082     
Message[305]: Using default destination of 1 (file).
0024   02EA           00083     DECFSZ  CNT
0025   0A??           00084     GOTO    S_WAIT_LOOP
                      00085     
                      00086     ;テスト用
0026   0209           00087     MOVF    TMP,W
0027   0027           00088     MOVWF   PORTC
                      00089     
0028   0A??           00090     GOTO MAIN
                      00091     
0FFE                  00092     END
MPASM 5.87                          MAIN.ASM   8-30-2022  23:50:54         PAGE  3


SYMBOL TABLE
  LABEL                             VALUE 

C                                 00000000
CNT                               0000000A
DC                                00000001
F                                 00000001
FSR                               00000004
INDF                              00000000
MAIN                              0000000E
MAIN_LOOP                         00000010
M_WAIT_LOOP                       0000001C
NOT_PD                            00000003
NOT_TO                            00000004
PA0                               00000005
PA1                               00000006
PA2                               00000007
PCL                               00000002
PORTA                             00000005
PORTB                             00000006
PORTC                             00000007
PS0                               00000000
PS1                               00000001
PS2                               00000002
PSA                               00000003
RA0                               00000000
RA1                               00000001
RA2                               00000002
RA3                               00000003
RB0                               00000000
RB1                               00000001
RB2                               00000002
RB3                               00000003
RB4                               00000004
RB5                               00000005
RB6                               00000006
RB7                               00000007
RC0                               00000000
RC1                               00000001
RC2                               00000002
RC3                               00000003
RC4                               00000004
RC5                               00000005
RC6                               00000006
RC7                               00000007
STATUS                            00000003
S_WAIT_LOOP                       00000019
T0CKI                             00000004
T0CS                              00000005
T0SE                              00000004
TMP                               00000009
TMR0                              00000001
TRISA0                            00000000
TRISA1                            00000001
TRISA2                            00000002
TRISA3                            00000003
MPASM 5.87                          MAIN.ASM   8-30-2022  23:50:54         PAGE  4


SYMBOL TABLE
  LABEL                             VALUE 

TRISA4                            00000004
TRISB0                            00000000
TRISB1                            00000001
TRISB2                            00000002
TRISB3                            00000003
TRISB4                            00000004
TRISB5                            00000005
TRISB6                            00000006
TRISB7                            00000007
TRISC0                            00000000
TRISC1                            00000001
TRISC2                            00000002
TRISC3                            00000003
TRISC4                            00000004
TRISC5                            00000005
TRISC6                            00000006
TRISC7                            00000007
TX                                PORTA,3
W                                 00000000
Z                                 00000002
_CONFIG                           00000FFF
_CP_OFF                           00000FFF
_CP_ON                            00000FF7
_HS_OSC                           00000FFE
_IDLOC0                           00000800
_IDLOC1                           00000801
_IDLOC2                           00000802
_IDLOC3                           00000803
_LP_OSC                           00000FFC
_OSC_HS                           00000FFE
_OSC_LP                           00000FFC
_OSC_RC                           00000FFF
_OSC_XT                           00000FFD
_RC_OSC                           00000FFF
_WDT_OFF                          00000FFB
_WDT_ON                           00000FFF
_XT_OSC                           00000FFD
__16F57                           00000001

Errors   :     0
Warnings :     0 reported,     0 suppressed
Messages :     4 reported,     0 suppressed

